<?xml version="1.0" encoding="UTF-8"?>
<coverage generated="1653921658466" clover="3.2.0">
  <project timestamp="1653921658466" name="All files">
    <metrics statements="20" coveredstatements="20" conditionals="8" coveredconditionals="8" methods="2" coveredmethods="2" elements="30" coveredelements="30" complexity="0" loc="20" ncloc="20" packages="1" files="1" classes="1"/>
    <file name="validator.js" path="C:\Users\Usuario\Documents\LIM018\LIM018-card-validation\src\validator.js">
      <metrics statements="20" coveredstatements="20" conditionals="8" coveredconditionals="8" methods="2" coveredmethods="2"/>
      <line num="1" count="1" type="stmt"/>
      <line num="6" count="3" type="stmt"/>
      <line num="7" count="3" type="stmt"/>
      <line num="8" count="3" type="stmt"/>
      <line num="9" count="3" type="stmt"/>
      <line num="10" count="34" type="cond" truecount="2" falsecount="0"/>
      <line num="11" count="16" type="stmt"/>
      <line num="13" count="16" type="cond" truecount="2" falsecount="0"/>
      <line num="14" count="8" type="stmt"/>
      <line num="17" count="18" type="stmt"/>
      <line num="19" count="34" type="stmt"/>
      <line num="21" count="3" type="cond" truecount="2" falsecount="0"/>
      <line num="27" count="3" type="stmt"/>
      <line num="28" count="3" type="stmt"/>
      <line num="29" count="3" type="stmt"/>
      <line num="30" count="3" type="stmt"/>
      <line num="31" count="27" type="cond" truecount="2" falsecount="0"/>
      <line num="32" count="18" type="stmt"/>
      <line num="34" count="9" type="stmt"/>
      <line num="38" count="3" type="stmt"/>
    </file>
  </project>
</coverage>
