{"C:\\Users\\Usuario\\Documents\\LIM018\\LIM018-card-validation\\src\\validator.js": {"path":"C:\\Users\\Usuario\\Documents\\LIM018\\LIM018-card-validation\\src\\validator.js","statementMap":{"0":{"start":{"line":1,"column":18},"end":{"line":40,"column":3}},"1":{"start":{"line":6,"column":16},"end":{"line":6,"column":46}},"2":{"start":{"line":7,"column":17},"end":{"line":7,"column":18}},"3":{"start":{"line":8,"column":14},"end":{"line":8,"column":15}},"4":{"start":{"line":9,"column":4},"end":{"line":20,"column":5}},"5":{"start":{"line":9,"column":14},"end":{"line":9,"column":15}},"6":{"start":{"line":10,"column":6},"end":{"line":18,"column":5}},"7":{"start":{"line":11,"column":8},"end":{"line":11,"column":28}},"8":{"start":{"line":13,"column":8},"end":{"line":15,"column":9}},"9":{"start":{"line":14,"column":10},"end":{"line":14,"column":21}},"10":{"start":{"line":17,"column":6},"end":{"line":17,"column":23}},"11":{"start":{"line":19,"column":4},"end":{"line":19,"column":19}},"12":{"start":{"line":21,"column":4},"end":{"line":21,"column":41}},"13":{"start":{"line":27,"column":16},"end":{"line":27,"column":36}},"14":{"start":{"line":28,"column":19},"end":{"line":28,"column":21}},"15":{"start":{"line":29,"column":23},"end":{"line":29,"column":45}},"16":{"start":{"line":30,"column":6},"end":{"line":36,"column":7}},"17":{"start":{"line":30,"column":16},"end":{"line":30,"column":17}},"18":{"start":{"line":31,"column":8},"end":{"line":35,"column":9}},"19":{"start":{"line":32,"column":10},"end":{"line":32,"column":23}},"20":{"start":{"line":34,"column":10},"end":{"line":34,"column":34}},"21":{"start":{"line":38,"column":6},"end":{"line":38,"column":19}}},"fnMap":{"0":{"name":"(anonymous_0)","decl":{"start":{"line":4,"column":12},"end":{"line":4,"column":13}},"loc":{"start":{"line":4,"column":26},"end":{"line":22,"column":5}},"line":4},"1":{"name":"(anonymous_1)","decl":{"start":{"line":26,"column":13},"end":{"line":26,"column":14}},"loc":{"start":{"line":26,"column":27},"end":{"line":39,"column":5}},"line":26}},"branchMap":{"0":{"loc":{"start":{"line":10,"column":6},"end":{"line":18,"column":5}},"type":"if","locations":[{"start":{"line":10,"column":6},"end":{"line":18,"column":5}},{"start":{"line":16,"column":10},"end":{"line":18,"column":5}}],"line":10},"1":{"loc":{"start":{"line":13,"column":8},"end":{"line":15,"column":9}},"type":"if","locations":[{"start":{"line":13,"column":8},"end":{"line":15,"column":9}},{"start":{},"end":{}}],"line":13},"2":{"loc":{"start":{"line":21,"column":11},"end":{"line":21,"column":41}},"type":"cond-expr","locations":[{"start":{"line":21,"column":29},"end":{"line":21,"column":33}},{"start":{"line":21,"column":36},"end":{"line":21,"column":41}}],"line":21},"3":{"loc":{"start":{"line":31,"column":8},"end":{"line":35,"column":9}},"type":"if","locations":[{"start":{"line":31,"column":8},"end":{"line":35,"column":9}},{"start":{"line":33,"column":13},"end":{"line":35,"column":9}}],"line":31}},"s":{"0":1,"1":3,"2":3,"3":3,"4":3,"5":3,"6":34,"7":16,"8":16,"9":8,"10":18,"11":34,"12":3,"13":3,"14":3,"15":3,"16":3,"17":3,"18":27,"19":18,"20":9,"21":3},"f":{"0":3,"1":3},"b":{"0":[16,18],"1":[8,8],"2":[2,1],"3":[18,9]},"_coverageSchema":"1a1c01bbd47fc00a2c39e90264f33305004495a9","hash":"76f341146b5bd00409fcae46ba6a469d483995f0"}
}
